This is pTeX, Version 3.14159265-p3.7 (utf8.euc) (TeX Live 2016) (preloaded format=ptex 2017.2.9)  29 JAN 2018 12:44
 restricted \write18 enabled.
 file:line:error style messages enabled.
 %&-line parsing enabled.
**architecture.tex
(./architecture.tex
./architecture.tex:4: Undefined control sequence.
l.4 \subsection
               {Netfilter: Overview}
The control sequence at the end of the top line
of your error message was never \def'ed. If you have
misspelled it (e.g., `\hobx'), type `I' and the correct
spelling (e.g., `I\hbox'). Otherwise just continue,
and I'll forget about whatever was undefined.

./architecture.tex:6: Undefined control sequence.
l.6 Figure \ref
               {fig: netfilter_system} shows the network stack and five netf...
The control sequence at the end of the top line
of your error message was never \def'ed. If you have
misspelled it (e.g., `\hobx'), type `I' and the correct
spelling (e.g., `I\hbox'). Otherwise just continue,
and I'll forget about whatever was undefined.

./architecture.tex:6: Missing $ inserted.
<inserted text> 
                $
<to be read again> 
                   _
l.6 Figure \ref{fig: netfilter_
                               system} shows the network stack and five netf...
I've inserted a begin-math/end-math symbol since I think
you left one out. Proceed, with fingers crossed.

./architecture.tex:6: Extra }, or forgotten $.
l.6 Figure \ref{fig: netfilter_system}
                                       shows the network stack and five netf...
I've deleted a group-closing symbol because it seems to be
spurious, as in `$x}$'. But perhaps the } is legitimate and
you forgot something else, as in `\hbox{$x}'. In such cases
the way to recover is to insert both the forgotten and the
deleted material, e.g., by typing `I$}'.

./architecture.tex:8: Undefined control sequence.
l.8 \begin
          {itemize}
The control sequence at the end of the top line
of your error message was never \def'ed. If you have
misspelled it (e.g., `\hobx'), type `I' and the correct
spelling (e.g., `I\hbox'). Otherwise just continue,
and I'll forget about whatever was undefined.

./architecture.tex:9: Missing $ inserted.
<inserted text> 
                $
<to be read again> 
                   \par 
\item ->\par 
             \hang \textindent 
l.9 ^^I\item
             PRE\_ROUTING : This hook is triggered by incoming packet soon a...
I've inserted a begin-math/end-math symbol since I think
you left one out. Proceed, with fingers crossed.


Overfull \hbox (991.74481pt too wide) in paragraph at lines 4--9
\tenrm Fire-wall and NAT. Fig-ure fig: netfilter$[]\teni ystemshowsthenetworkstackandfivenetfilterhooksembeddedinsideit:Thebottomisthedevicedriverandthetopistransportprotocol\tenrm (\teni Layer\tenrm 4)\teni :Aspacketsproceedthroughthestack; theregisteredkernelmodulesinthehookwillbetriggered:Thefollowinghooksarelocatedinmeaningfulpositionsinthestack \tenrm :|

\hbox(7.5+2.5)x469.75499, glue set - 1.0
.\tenrm F
.\tenrm i
.\tenrm r
.\tenrm e
.\discretionary
..\tenrm -
.etc.

[1] )
(\end occurred inside a group at level 1)
Output written on /Users/hannah/BT/hannah/.texpadtmp/architecture.dvi (1 page, 2576 bytes).
