\BOOKMARK [0][-]{chapter.1}{1 Introduction}{}% 1
\BOOKMARK [1][-]{section.1.1}{1.1 Network Function Chaining Infrastructure based on Virtualization Technologies}{chapter.1}% 2
\BOOKMARK [2][-]{subsection.1.1.1}{1.1.1 Network Function Virtualization}{section.1.1}% 3
\BOOKMARK [2][-]{subsection.1.1.2}{1.1.2 Packet Forwarding in Virtualized Nodes}{section.1.1}% 4
\BOOKMARK [1][-]{section.1.2}{1.2 Overhead of NFCI based on Virtualization Technologies}{chapter.1}% 5
\BOOKMARK [2][-]{subsection.1.2.1}{1.2.1 Memory copy}{section.1.2}% 6
\BOOKMARK [2][-]{subsection.1.2.2}{1.2.2 Resource Consumption}{section.1.2}% 7
\BOOKMARK [1][-]{section.1.3}{1.3 Proposal: Lightweight NFC mechanism in Linux Kernel}{chapter.1}% 8
\BOOKMARK [0][-]{chapter.2}{2 Related Work}{}% 9
\BOOKMARK [1][-]{section.2.1}{2.1 ETSI \(European Telecommunications Standards Institute\)}{chapter.2}% 10
\BOOKMARK [1][-]{section.2.2}{2.2 OPNFV \204 Open Platform for NFV}{chapter.2}% 11
\BOOKMARK [2][-]{subsection.2.2.1}{2.2.1 OPNFV: Architecture}{section.2.2}% 12
\BOOKMARK [2][-]{subsection.2.2.2}{2.2.2 Disadvantages of OPNFV}{section.2.2}% 13
\BOOKMARK [1][-]{section.2.3}{2.3 Flurries: Countless Fine-Grained NFs for Flexible Per-Flow Customization}{chapter.2}% 14
\BOOKMARK [0][-]{chapter.3}{3 Overview of Targeted Network Functions}{}% 15
\BOOKMARK [1][-]{section.3.1}{3.1 Necessity of in-kernel NF Chaining}{chapter.3}% 16
\BOOKMARK [2][-]{subsection.3.1.1}{3.1.1 Categorization of Network Functions}{section.3.1}% 17
\BOOKMARK [2][-]{subsection.3.1.2}{3.1.2 Example of Network Functions and its Realizability in Kernel}{section.3.1}% 18
\BOOKMARK [1][-]{section.3.2}{3.2 NFC in WAN Environment}{chapter.3}% 19
\BOOKMARK [2][-]{subsection.3.2.1}{3.2.1 Assumed Environment and Usage Model}{section.3.2}% 20
\BOOKMARK [0][-]{chapter.4}{4 Netfilter Subsystem in Linux Kernel}{}% 21
\BOOKMARK [1][-]{section.4.1}{4.1 Netfilter: Overview}{chapter.4}% 22
\BOOKMARK [1][-]{section.4.2}{4.2 Netfilter: Table}{chapter.4}% 23
\BOOKMARK [1][-]{section.4.3}{4.3 Netfilter: Rule and Target}{chapter.4}% 24
\BOOKMARK [0][-]{chapter.5}{5 Kernel-based NFCI Architecture}{}% 25
\BOOKMARK [1][-]{section.5.1}{5.1 Network Function}{chapter.5}% 26
\BOOKMARK [1][-]{section.5.2}{5.2 Identification of Flow}{chapter.5}% 27
\BOOKMARK [1][-]{section.5.3}{5.3 Chaining of Network Functions}{chapter.5}% 28
\BOOKMARK [0][-]{chapter.6}{6 Implementation}{}% 29
\BOOKMARK [1][-]{section.6.1}{6.1 Implementation of NF Chaining in Kernel}{chapter.6}% 30
\BOOKMARK [2][-]{subsection.6.1.1}{6.1.1 Environment of Implementation}{section.6.1}% 31
\BOOKMARK [2][-]{subsection.6.1.2}{6.1.2 Detailed Structure of Table}{section.6.1}% 32
\BOOKMARK [2][-]{subsection.6.1.3}{6.1.3 Preparation of NF Chaining}{section.6.1}% 33
\BOOKMARK [2][-]{subsection.6.1.4}{6.1.4 Implementation of NF Chaining Mechanism}{section.6.1}% 34
\BOOKMARK [2][-]{subsection.6.1.5}{6.1.5 Implementation of Network Functions}{section.6.1}% 35
\BOOKMARK [0][-]{chapter.7}{7 Evaluation}{}% 36
\BOOKMARK [1][-]{section.7.1}{7.1 Evaluation Environment}{chapter.7}% 37
\BOOKMARK [1][-]{section.7.2}{7.2 NF Chaining Performance}{chapter.7}% 38
\BOOKMARK [1][-]{section.7.3}{7.3 Evaluation of Resource Consumption}{chapter.7}% 39
\BOOKMARK [1][-]{section.7.4}{7.4 Evaluation of NF chaining at high traffic rate}{chapter.7}% 40
\BOOKMARK [0][-]{chapter.8}{8 Conclusion}{}% 41
\BOOKMARK [1][-]{section.8.1}{8.1 Summary}{chapter.8}% 42
\BOOKMARK [1][-]{section.8.2}{8.2 Future Work}{chapter.8}% 43
\BOOKMARK [0][-]{chapter*.32}{ Acknowledgement}{}% 44
\BOOKMARK [0][-]{chapter*.33}{ Reference}{}% 45
